2023-05-11 19:07:12,753 [INFO] Activator:176 - 


2023-05-11 19:07:12,756 [INFO] Activator:177 - !SESSION log4j initialized
2023-05-11 19:07:16,308 [INFO] LogOutputStream:77 - [STDOUT_REDIRECT] 
2023-05-11 19:07:31,798 [ERROR] ConfigurationRetriever:142 - IOException on connection: Read timed out
2023-05-11 19:07:36,540 [ERROR] LogOutputStream:75 - [STDERR_REDIRECT] SLF4J: Failed to load class "org.slf4j.impl.StaticLoggerBinder".
2023-05-11 19:07:36,541 [ERROR] LogOutputStream:75 - [STDERR_REDIRECT] SLF4J: Defaulting to no-operation (NOP) logger implementation
2023-05-11 19:07:36,544 [ERROR] LogOutputStream:75 - [STDERR_REDIRECT] SLF4J: See http://www.slf4j.org/codes.html#StaticLoggerBinder for further details.
2023-05-11 19:07:52,863 [INFO] ApplicationProperties:184 - Using Application install path: C:\ST\STM32CubeIDE_1.10.1\STM32CubeIDE\plugins\com.st.stm32cube.common.mx_6.8.0.202302231600
2023-05-11 19:07:52,893 [INFO] DbMcusXml:78 - Set database path to: C:\ST\STM32CubeIDE_1.10.1\STM32CubeIDE\plugins\com.st.stm32cube.common.mx_6.8.0.202302231600\\db\/mcu/
2023-05-11 19:07:52,894 [INFO] ApiDb:274 - Set plugin database path to: C:\ST\STM32CubeIDE_1.10.1\STM32CubeIDE\plugins\com.st.stm32cube.common.mx_6.8.0.202302231600\\db\/plugins/boardmanager/
2023-05-11 19:07:52,897 [WARN] ApiDb:259 - Overriding images path with different value:  => C:\ST\STM32CubeIDE_1.10.1\STM32CubeIDE\plugins\com.st.stm32cube.common.mx_6.8.0.202302231600\\db\/plugins/mcufinder/images/
2023-05-11 19:07:52,922 [INFO] ApiDb:250 - Set database path to: C:\Users\7osensi\.stmcufinder\plugins\mcufinder//mcu/
2023-05-11 19:07:52,927 [INFO] DbMcusAds:125 - Set database path to: C:\Users\7osensi\.stmcufinder\plugins\mcufinder//mcu/
2023-05-11 19:07:52,956 [INFO] CrossReferenceDbSqlite:203 - Set database path to: C:\Users\7osensi\.stmcufinder\plugins\mcufinder//mcu/cs/
2023-05-11 19:07:53,116 [INFO] RulesReader:64 - Compatibility file has been processed (293 Rules)
2023-05-11 19:07:53,317 [INFO] DbMcusXml:78 - Set database path to: C:\ST\STM32CubeIDE_1.10.1\STM32CubeIDE\plugins\com.st.stm32cube.common.mx_6.8.0.202302231600\\db\/mcu/
2023-05-11 19:07:53,317 [INFO] ApiDb:274 - Set plugin database path to: C:\ST\STM32CubeIDE_1.10.1\STM32CubeIDE\plugins\com.st.stm32cube.common.mx_6.8.0.202302231600\\db\/plugins/boardmanager/
2023-05-11 19:07:53,318 [INFO] ApiDb:261 - Set plugin images path to: C:\ST\STM32CubeIDE_1.10.1\STM32CubeIDE\plugins\com.st.stm32cube.common.mx_6.8.0.202302231600\\db\/plugins/mcufinder/images/
2023-05-11 19:07:53,318 [WARN] DbFile:41 - Overriding database path with different value: C:\Users\7osensi\.stmcufinder\plugins\mcufinder/ => C:\Users\7osensi\.stmcufinder\plugins\mcufinder
2023-05-11 19:07:53,318 [INFO] ApiDb:250 - Set database path to: C:\Users\7osensi\.stmcufinder\plugins\mcufinder//mcu/
2023-05-11 19:07:53,318 [WARN] DbFile:41 - Overriding database path with different value: C:\Users\7osensi\.stmcufinder\plugins\mcufinder/ => C:\Users\7osensi\.stmcufinder\plugins\mcufinder
2023-05-11 19:07:53,318 [INFO] DbMcusAds:125 - Set database path to: C:\Users\7osensi\.stmcufinder\plugins\mcufinder//mcu/
2023-05-11 19:07:53,318 [WARN] DbFile:41 - Overriding database path with different value: C:\Users\7osensi\.stmcufinder\plugins\mcufinder/ => C:\Users\7osensi\.stmcufinder\plugins\mcufinder
2023-05-11 19:07:53,318 [WARN] DbFile:41 - Overriding database path with different value: C:\Users\7osensi\.stmcufinder\plugins\mcufinder/ => C:\Users\7osensi\.stmcufinder\plugins\mcufinder
2023-05-11 19:07:53,318 [INFO] CrossReferenceDbSqlite:203 - Set database path to: C:\Users\7osensi\.stmcufinder\plugins\mcufinder//mcu/cs/
2023-05-11 19:07:53,450 [INFO] MainPanel:253 - HeapMemory: 268435456
2023-05-11 19:07:53,628 [INFO] DbMcusXml:78 - Set database path to: C:\ST\STM32CubeIDE_1.10.1\STM32CubeIDE\plugins\com.st.stm32cube.common.mx_6.8.0.202302231600\\db\/mcu/
2023-05-11 19:07:53,628 [INFO] ApiDb:274 - Set plugin database path to: C:\ST\STM32CubeIDE_1.10.1\STM32CubeIDE\plugins\com.st.stm32cube.common.mx_6.8.0.202302231600\\db\/plugins/boardmanager/
2023-05-11 19:07:53,628 [INFO] ApiDb:261 - Set plugin images path to: C:\ST\STM32CubeIDE_1.10.1\STM32CubeIDE\plugins\com.st.stm32cube.common.mx_6.8.0.202302231600\\db\/plugins/mcufinder/images/
2023-05-11 19:07:53,629 [WARN] DbFile:41 - Overriding database path with different value: C:\Users\7osensi\.stmcufinder\plugins\mcufinder/ => C:\Users\7osensi\.stmcufinder\plugins\mcufinder
2023-05-11 19:07:53,629 [INFO] ApiDb:250 - Set database path to: C:\Users\7osensi\.stmcufinder\plugins\mcufinder//mcu/
2023-05-11 19:07:53,629 [WARN] DbFile:41 - Overriding database path with different value: C:\Users\7osensi\.stmcufinder\plugins\mcufinder/ => C:\Users\7osensi\.stmcufinder\plugins\mcufinder
2023-05-11 19:07:53,629 [INFO] DbMcusAds:125 - Set database path to: C:\Users\7osensi\.stmcufinder\plugins\mcufinder//mcu/
2023-05-11 19:07:53,629 [WARN] DbFile:41 - Overriding database path with different value: C:\Users\7osensi\.stmcufinder\plugins\mcufinder/ => C:\Users\7osensi\.stmcufinder\plugins\mcufinder
2023-05-11 19:07:53,629 [WARN] DbFile:41 - Overriding database path with different value: C:\Users\7osensi\.stmcufinder\plugins\mcufinder/ => C:\Users\7osensi\.stmcufinder\plugins\mcufinder
2023-05-11 19:07:53,629 [INFO] CrossReferenceDbSqlite:203 - Set database path to: C:\Users\7osensi\.stmcufinder\plugins\mcufinder//mcu/cs/
2023-05-11 19:07:53,656 [INFO] ApplicationProperties:184 - Using Application install path: C:\ST\STM32CubeIDE_1.10.1\STM32CubeIDE\plugins\com.st.stm32cube.common.mx_6.8.0.202302231600
2023-05-11 19:07:53,659 [INFO] PluginManage:196 - Search for loadable plugins [exclusion list=, ]
2023-05-11 19:07:53,661 [INFO] PluginManage:310 - Check plugin analytics
2023-05-11 19:08:05,057 [INFO] AnalyticsPlugin:253 - Accepted Software Licenses: 
2023-05-11 19:08:05,058 [INFO] AnalyticsPlugin:255 - Accepted CMSIS Pack Licenses: 
2023-05-11 19:08:05,058 [INFO] AnalyticsPlugin:257 - Accepted Firmware Licenses: FW.F4.1.27.0
2023-05-11 19:08:05,077 [INFO] PluginManage:359 - Loaded plugin analytics (category:tool,tabindex:-1)
2023-05-11 19:08:05,078 [INFO] PluginManage:310 - Check plugin cadmodel
2023-05-11 19:08:05,098 [INFO] CADModel:105 - Init CAD model plugin
2023-05-11 19:08:05,099 [INFO] PluginManage:359 - Loaded plugin cadmodel (category:power,tabindex:5)
2023-05-11 19:08:05,099 [INFO] PluginManage:310 - Check plugin clock
2023-05-11 19:08:05,125 [INFO] PluginManage:359 - Loaded plugin clock (category:base,tabindex:2)
2023-05-11 19:08:05,125 [INFO] PluginManage:310 - Check plugin ddr
2023-05-11 19:08:05,130 [INFO] PluginManage:359 - Loaded plugin ddr (category:tool,tabindex:6)
2023-05-11 19:08:05,131 [INFO] PluginManage:310 - Check plugin filemanager
2023-05-11 19:08:05,308 [INFO] PluginManage:359 - Loaded plugin filemanager (category:base,tabindex:10)
2023-05-11 19:08:05,308 [INFO] PluginManage:310 - Check plugin ipmanager
2023-05-11 19:08:05,320 [INFO] PluginManage:359 - Loaded plugin ipmanager (category:base,tabindex:5)
2023-05-11 19:08:05,321 [INFO] PluginManage:310 - Check plugin lpbam
2023-05-11 19:08:05,345 [INFO] PluginManage:359 - Loaded plugin lpbam (category:base,tabindex:0)
2023-05-11 19:08:05,345 [INFO] PluginManage:310 - Check plugin pinoutandconfiguration
2023-05-11 19:08:05,364 [INFO] PluginManage:359 - Loaded plugin pinoutandconfiguration (category:base,tabindex:1)
2023-05-11 19:08:05,364 [INFO] PluginManage:310 - Check plugin pinoutconfig
2023-05-11 19:08:05,519 [WARN] SupportedApi:132 - Cannot load RTOS API schema: s4s-elt-must-match.1: The content of 'definitions' must match (annotation?, (simpleType | complexType)?, (unique | key | keyref)*)). A problem was found starting at: attribute.
2023-05-11 19:08:05,759 [INFO] PluginManage:359 - Loaded plugin pinoutconfig (category:base,tabindex:0)
2023-05-11 19:08:05,759 [INFO] PluginManage:310 - Check plugin power
2023-05-11 19:08:05,794 [INFO] PluginManage:359 - Loaded plugin power (category:power,tabindex:4)
2023-05-11 19:08:05,794 [INFO] PluginManage:310 - Check plugin projectmanager
2023-05-11 19:08:05,822 [INFO] PluginManage:359 - Loaded plugin projectmanager (category:projectmanager,tabindex:3)
2023-05-11 19:08:05,823 [INFO] PluginManage:310 - Check plugin thirdparty
2023-05-11 19:08:06,195 [INFO] PluginManage:359 - Loaded plugin thirdparty (category:base,tabindex:-1)
2023-05-11 19:08:06,195 [WARN] IntegrityCheckThread:84 - waiting for thirdparty lock release [integrity check]
2023-05-11 19:08:06,196 [INFO] IntegrityCheckThread:86 - entering critical section [integrity check]
2023-05-11 19:08:06,196 [INFO] PluginManage:310 - Check plugin tools
2023-05-11 19:08:06,200 [INFO] ThirdPartyUpdaterWithRetryManager:70 - Updater plugin not ready yet. [1/15]
2023-05-11 19:08:06,240 [INFO] PluginManage:359 - Loaded plugin tools (category:base,tabindex:7)
2023-05-11 19:08:06,240 [INFO] PluginManage:310 - Check plugin tutovideos
2023-05-11 19:08:06,560 [INFO] PluginManage:359 - Loaded plugin tutovideos (category:base,tabindex:-1)
2023-05-11 19:08:06,560 [INFO] PluginManage:310 - Check plugin updater
2023-05-11 19:08:06,581 [INFO] PluginManage:359 - Loaded plugin updater (category:base,tabindex:12)
2023-05-11 19:08:06,581 [INFO] PluginManage:283 - PluginManage : Loaded plugins [15]
2023-05-11 19:08:06,933 [INFO] PinOutPanel:1499 - setPackage(No Configuration,No Configuration)
2023-05-11 19:08:07,022 [INFO] CADModel:165 - CPN selected for project level
2023-05-11 19:08:07,022 [INFO] CADModel:114 - Register for checkConnection events
2023-05-11 19:08:07,057 [INFO] IPUIPlugin:80 - create IPUIPlugin
2023-05-11 19:08:07,057 [INFO] PluginManager:220 - loadIPPluginJar : add adc
2023-05-11 19:08:07,092 [INFO] IPUIPlugin:80 - create IPUIPlugin
2023-05-11 19:08:07,093 [INFO] PluginManager:220 - loadIPPluginJar : add aes
2023-05-11 19:08:07,134 [INFO] IPUIPlugin:80 - create IPUIPlugin
2023-05-11 19:08:07,134 [INFO] PluginManager:220 - loadIPPluginJar : add can
2023-05-11 19:08:07,158 [INFO] IPUIPlugin:80 - create IPUIPlugin
2023-05-11 19:08:07,158 [INFO] PluginManager:220 - loadIPPluginJar : add comp
2023-05-11 19:08:07,190 [INFO] IPUIPlugin:80 - create IPUIPlugin
2023-05-11 19:08:07,190 [INFO] PluginManager:220 - loadIPPluginJar : add cryp
2023-05-11 19:08:07,221 [INFO] IPUIPlugin:80 - create IPUIPlugin
2023-05-11 19:08:07,221 [INFO] PluginManager:220 - loadIPPluginJar : add dfsdm
2023-05-11 19:08:07,238 [INFO] IPUIPlugin:80 - create IPUIPlugin
2023-05-11 19:08:07,242 [INFO] PluginManager:220 - loadIPPluginJar : add dma
2023-05-11 19:08:07,291 [INFO] IPUIPlugin:80 - create IPUIPlugin
2023-05-11 19:08:07,291 [INFO] PluginManager:220 - loadIPPluginJar : add dma3
2023-05-11 19:08:07,309 [INFO] IPUIPlugin:80 - create IPUIPlugin
2023-05-11 19:08:07,309 [INFO] PluginManager:220 - loadIPPluginJar : add fatfs
2023-05-11 19:08:07,360 [INFO] IPUIPlugin:80 - create IPUIPlugin
2023-05-11 19:08:07,360 [INFO] PluginManager:220 - loadIPPluginJar : add fmc
2023-05-11 19:08:07,380 [INFO] IPUIPlugin:80 - create IPUIPlugin
2023-05-11 19:08:07,380 [INFO] PluginManager:220 - loadIPPluginJar : add freertos
2023-05-11 19:08:07,401 [INFO] IPUIPlugin:80 - create IPUIPlugin
2023-05-11 19:08:07,401 [INFO] PluginManager:220 - loadIPPluginJar : add genericplugin
2023-05-11 19:08:07,492 [INFO] IPUIPlugin:80 - create IPUIPlugin
2023-05-11 19:08:07,492 [INFO] PluginManager:220 - loadIPPluginJar : add gfxmmu
2023-05-11 19:08:07,637 [INFO] IPUIPlugin:80 - create IPUIPlugin
2023-05-11 19:08:07,637 [INFO] PluginManager:220 - loadIPPluginJar : add gic
2023-05-11 19:08:07,654 [INFO] IPUIPlugin:80 - create IPUIPlugin
2023-05-11 19:08:07,655 [INFO] PluginManager:220 - loadIPPluginJar : add gpio
2023-05-11 19:08:07,769 [INFO] IPUIPlugin:80 - create IPUIPlugin
2023-05-11 19:08:07,770 [INFO] PluginManager:220 - loadIPPluginJar : add gtzc
2023-05-11 19:08:07,809 [INFO] IPUIPlugin:80 - create IPUIPlugin
2023-05-11 19:08:07,809 [INFO] PluginManager:220 - loadIPPluginJar : add hash
2023-05-11 19:08:07,876 [INFO] IPUIPlugin:80 - create IPUIPlugin
2023-05-11 19:08:07,876 [INFO] PluginManager:220 - loadIPPluginJar : add i2c
2023-05-11 19:08:07,933 [INFO] IPUIPlugin:80 - create IPUIPlugin
2023-05-11 19:08:07,933 [INFO] PluginManager:220 - loadIPPluginJar : add i2s
2023-05-11 19:08:07,987 [INFO] IPUIPlugin:80 - create IPUIPlugin
2023-05-11 19:08:07,987 [INFO] PluginManager:220 - loadIPPluginJar : add i3c
2023-05-11 19:08:08,120 [INFO] IPUIPlugin:80 - create IPUIPlugin
2023-05-11 19:08:08,120 [INFO] PluginManager:220 - loadIPPluginJar : add ipddr
2023-05-11 19:08:08,248 [INFO] IPUIPlugin:80 - create IPUIPlugin
2023-05-11 19:08:08,248 [INFO] PluginManager:220 - loadIPPluginJar : add linkedlist
2023-05-11 19:08:08,293 [INFO] IPUIPlugin:80 - create IPUIPlugin
2023-05-11 19:08:08,293 [INFO] PluginManager:220 - loadIPPluginJar : add lorawan
2023-05-11 19:08:08,368 [INFO] IPUIPlugin:80 - create IPUIPlugin
2023-05-11 19:08:08,368 [INFO] PluginManager:220 - loadIPPluginJar : add ltdc
2023-05-11 19:08:08,401 [INFO] IPUIPlugin:80 - create IPUIPlugin
2023-05-11 19:08:08,402 [INFO] PluginManager:220 - loadIPPluginJar : add mdma
2023-05-11 19:08:08,427 [INFO] IPUIPlugin:80 - create IPUIPlugin
2023-05-11 19:08:08,428 [INFO] PluginManager:220 - loadIPPluginJar : add nvic
2023-05-11 19:08:08,513 [INFO] IPUIPlugin:80 - create IPUIPlugin
2023-05-11 19:08:08,513 [INFO] PluginManager:220 - loadIPPluginJar : add opamp
2023-05-11 19:08:08,634 [INFO] IPUIPlugin:80 - create IPUIPlugin
2023-05-11 19:08:08,635 [INFO] PluginManager:220 - loadIPPluginJar : add openamp
2023-05-11 19:08:08,727 [INFO] IPUIPlugin:80 - create IPUIPlugin
2023-05-11 19:08:08,727 [INFO] PluginManager:220 - loadIPPluginJar : add pdm2pcm
2023-05-11 19:08:08,756 [INFO] IPUIPlugin:80 - create IPUIPlugin
2023-05-11 19:08:08,762 [INFO] PluginManager:220 - loadIPPluginJar : add plateformsettings
2023-05-11 19:08:08,805 [INFO] IPUIPlugin:80 - create IPUIPlugin
2023-05-11 19:08:08,806 [INFO] PluginManager:220 - loadIPPluginJar : add quadspi
2023-05-11 19:08:08,830 [INFO] IPUIPlugin:80 - create IPUIPlugin
2023-05-11 19:08:08,830 [INFO] PluginManager:220 - loadIPPluginJar : add resmgrutility
2023-05-11 19:08:08,926 [INFO] IPUIPlugin:80 - create IPUIPlugin
2023-05-11 19:08:08,926 [INFO] PluginManager:220 - loadIPPluginJar : add sai
2023-05-11 19:08:09,016 [INFO] IPUIPlugin:80 - create IPUIPlugin
2023-05-11 19:08:09,016 [INFO] PluginManager:220 - loadIPPluginJar : add spi
2023-05-11 19:08:09,139 [INFO] IPUIPlugin:80 - create IPUIPlugin
2023-05-11 19:08:09,139 [INFO] PluginManager:220 - loadIPPluginJar : add stm32_wpan
2023-05-11 19:08:09,195 [INFO] IPUIPlugin:80 - create IPUIPlugin
2023-05-11 19:08:09,196 [INFO] PluginManager:220 - loadIPPluginJar : add tim
2023-05-11 19:08:09,215 [INFO] ThirdPartyUpdaterWithRetryManager:70 - Updater plugin not ready yet. [2/15]
2023-05-11 19:08:09,313 [INFO] IPUIPlugin:80 - create IPUIPlugin
2023-05-11 19:08:09,313 [INFO] PluginManager:220 - loadIPPluginJar : add touchsensing
2023-05-11 19:08:09,380 [INFO] IPUIPlugin:80 - create IPUIPlugin
2023-05-11 19:08:09,381 [INFO] PluginManager:220 - loadIPPluginJar : add tracer_emb
2023-05-11 19:08:09,434 [INFO] IPUIPlugin:80 - create IPUIPlugin
2023-05-11 19:08:09,434 [INFO] PluginManager:220 - loadIPPluginJar : add ts
2023-05-11 19:08:09,485 [INFO] IPUIPlugin:80 - create IPUIPlugin
2023-05-11 19:08:09,486 [INFO] PluginManager:220 - loadIPPluginJar : add tsc
2023-05-11 19:08:09,530 [INFO] IPUIPlugin:80 - create IPUIPlugin
2023-05-11 19:08:09,530 [INFO] PluginManager:220 - loadIPPluginJar : add ucpd
2023-05-11 19:08:09,623 [INFO] IPUIPlugin:80 - create IPUIPlugin
2023-05-11 19:08:09,623 [INFO] PluginManager:220 - loadIPPluginJar : add usart
2023-05-11 19:08:09,736 [INFO] IPUIPlugin:80 - create IPUIPlugin
2023-05-11 19:08:09,736 [INFO] PluginManager:220 - loadIPPluginJar : add usbx
2023-05-11 19:08:09,993 [INFO] CADModel:165 - CPN selected for project level
2023-05-11 19:08:09,995 [INFO] CADModel:114 - Register for checkConnection events
2023-05-11 19:08:09,996 [FATAL] Updater:308 - Updater called before beeing initialized
2023-05-11 19:08:09,997 [ERROR] CADModel:125 - Updater not yet initialized, retry later 
2023-05-11 19:08:10,081 [ERROR] ConfigurationRetriever:142 - IOException on connection: connect timed out
2023-05-11 19:08:10,407 [INFO] CADModel:165 - CPN selected for project level
2023-05-11 19:08:10,408 [INFO] CADModel:114 - Register for checkConnection events
2023-05-11 19:08:10,408 [FATAL] Updater:308 - Updater called before beeing initialized
2023-05-11 19:08:10,408 [ERROR] CADModel:125 - Updater not yet initialized, retry later 
2023-05-11 19:08:10,419 [FATAL] Updater:308 - Updater called before beeing initialized
2023-05-11 19:08:10,679 [FATAL] Updater:308 - Updater called before beeing initialized
2023-05-11 19:08:10,696 [INFO] DbMcusAds:53 - JSON generation date=Tue Feb 21 16:58:20 GMT+02:00 2023 (1676991500156)
2023-05-11 19:08:10,696 [FATAL] Updater:308 - Updater called before beeing initialized
2023-05-11 19:08:10,785 [WARN] DetailPanel:346 - Failed to get advertising image, set to default
2023-05-11 19:08:10,898 [FATAL] Updater:308 - Updater called before beeing initialized
2023-05-11 19:08:10,901 [FATAL] Updater:308 - Updater called before beeing initialized
2023-05-11 19:08:10,901 [FATAL] Updater:308 - Updater called before beeing initialized
2023-05-11 19:08:10,901 [WARN] DetailPanel:346 - Failed to get advertising image, set to default
2023-05-11 19:08:10,902 [FATAL] Updater:308 - Updater called before beeing initialized
2023-05-11 19:08:10,981 [ERROR] Updater:1120 - MainUpdater not yet initialized. External WinMGr cannot be set.
2023-05-11 19:08:10,993 [INFO] Updater:1056 - Updater Version found : 6.8.0
2023-05-11 19:08:11,035 [INFO] ApplicationProperties:184 - Using Application install path: C:\ST\STM32CubeIDE_1.10.1\STM32CubeIDE\plugins\com.st.stm32cube.common.mx_6.8.0.202302231600
2023-05-11 19:08:11,105 [INFO] MainUpdater:519 - Copy updater definitions from MX database
2023-05-11 19:08:12,230 [INFO] ThirdPartyUpdaterWithRetryManager:70 - Updater plugin not ready yet. [3/15]
2023-05-11 19:08:13,173 [WARN] ServerAccessManage:1168 - Warning during Server Connection :  timeout connect timed out
2023-05-11 19:08:15,183 [WARN] ServerAccessManage:1168 - Warning during Server Connection :  timeout connect timed out
2023-05-11 19:08:15,187 [INFO] MainUpdater:2854 - connection check result : 22
2023-05-11 19:08:15,188 [INFO] MainUpdater:283 - Updater Check For Update Now.
2023-05-11 19:08:15,188 [INFO] MicroXplorer:498 - Change Database Version : DB.6.0.80
2023-05-11 19:08:15,232 [WARN] MainUpdater:1187 - Updater busy. Cannot search thirdparties
2023-05-11 19:08:15,232 [INFO] ThirdPartyUpdaterWithRetryManager:96 - Updater plugin is busy. [1/15]
2023-05-11 19:08:15,393 [INFO] CheckServerUpdateThread:120 - End of CheckServer Thread
2023-05-11 19:08:17,898 [WARN] ServerAccessManage:1168 - Warning during Server Connection :  timeout Read timed out
2023-05-11 19:08:18,241 [WARN] MainUpdater:1187 - Updater busy. Cannot search thirdparties
2023-05-11 19:08:18,241 [INFO] ThirdPartyUpdaterWithRetryManager:96 - Updater plugin is busy. [2/15]
2023-05-11 19:08:18,914 [WARN] ServerAccessManage:1168 - Warning during Server Connection :  timeout connect timed out
2023-05-11 19:08:18,916 [INFO] MainUpdater:2854 - connection check result : 22
2023-05-11 19:08:21,441 [WARN] PackLoader:240 - Cannot read IP mode file for STMicroelectronics.X-CUBE-GNSS1.6.0.0
2023-05-11 19:08:21,492 [WARN] PackLoader:240 - Cannot read IP mode file for STMicroelectronics.X-CUBE-AZRTOS-F4.1.1.0
2023-05-11 19:08:21,519 [WARN] PackLoader:240 - Cannot read IP mode file for STMicroelectronics.X-CUBE-BLEMGR.1.2.0
2023-05-11 19:08:21,569 [WARN] PackLoader:240 - Cannot read IP mode file for STMicroelectronics.X-CUBE-AZRTOS-F7.1.1.0
2023-05-11 19:08:21,593 [WARN] PackLoader:240 - Cannot read IP mode file for STMicroelectronics.X-CUBE-BLE1.6.2.3
2023-05-11 19:08:21,610 [WARN] PackLoader:240 - Cannot read IP mode file for STMicroelectronics.X-CUBE-BLE1.6.2.4
2023-05-11 19:08:21,650 [WARN] PackLoader:240 - Cannot read IP mode file for emotas.I-CUBE-CANOPEN.1.1.3
2023-05-11 19:08:21,684 [WARN] PackLoader:240 - Cannot read IP mode file for STMicroelectronics.X-CUBE-BLEMGR.2.0.0
2023-05-11 19:08:21,718 [WARN] PackLoader:240 - Cannot read IP mode file for STMicroelectronics.X-CUBE-NFC4.2.0.5
2023-05-11 19:08:21,757 [WARN] PackLoader:240 - Cannot read IP mode file for STMicroelectronics.X-CUBE-DISPLAY.3.0.0
2023-05-11 19:08:21,794 [WARN] PackLoader:240 - Cannot read IP mode file for wolfSSL.I-CUBE-wolfSSL.5.5.3
2023-05-11 19:08:21,818 [WARN] PackLoader:240 - Cannot read IP mode file for STMicroelectronics.X-CUBE-NFC7.1.0.0
2023-05-11 19:08:21,936 [WARN] PackLoader:240 - Cannot read IP mode file for STMicroelectronics.X-CUBE-MEMS1.9.3.0
2023-05-11 19:08:22,250 [WARN] PackLoader:240 - Cannot read IP mode file for STMicroelectronics.X-CUBE-EEPRMA1.4.1.0
2023-05-11 19:08:22,284 [WARN] PackLoader:240 - Cannot read IP mode file for WES.I-CUBE-Cesium.1.3.0
2023-05-11 19:08:22,316 [WARN] PackLoader:240 - Cannot read IP mode file for STMicroelectronics.X-CUBE-SFXS2LP1.4.0.0
2023-05-11 19:08:22,357 [WARN] PackLoader:240 - Cannot read IP mode file for STMicroelectronics.X-CUBE-BLE2.3.3.0
2023-05-11 19:08:22,384 [WARN] PackLoader:240 - Cannot read IP mode file for STMicroelectronics.X-CUBE-DISPLAY.2.2.0
2023-05-11 19:08:22,428 [WARN] PackLoader:240 - Cannot read IP mode file for STMicroelectronics.X-CUBE-TOF1.3.2.0
2023-05-11 19:08:22,500 [WARN] PackLoader:240 - Cannot read IP mode file for STMicroelectronics.X-CUBE-AZRTOS-H7.3.0.0
2023-05-11 19:08:22,529 [WARN] PackLoader:240 - Cannot read IP mode file for STMicroelectronics.X-CUBE-ISPU.1.1.0
2023-05-11 19:08:22,561 [WARN] PackLoader:240 - Cannot read IP mode file for RoweBots.I-CUBE-UNISONRTOS.5.5.0-4
2023-05-11 19:08:22,598 [WARN] PackLoader:240 - Cannot read IP mode file for STMicroelectronics.X-CUBE-AZRTOS-H7.2.1.0
2023-05-11 19:08:22,628 [WARN] PackLoader:240 - Cannot read IP mode file for STMicroelectronics.X-CUBE-AI.8.0.0
2023-05-11 19:08:22,649 [WARN] PackLoader:240 - Cannot read IP mode file for STMicroelectronics.X-CUBE-FREERTOS.1.0.0
2023-05-11 19:08:22,667 [WARN] PackLoader:240 - Cannot read IP mode file for STMicroelectronics.X-CUBE-TOUCHGFX.4.21.1
2023-05-11 19:08:22,748 [WARN] PackLoader:240 - Cannot read IP mode file for STMicroelectronics.X-CUBE-MEMS1.9.4.0
2023-05-11 19:08:22,992 [WARN] PackLoader:240 - Cannot read IP mode file for STMicroelectronics.X-CUBE-AI.7.3.0
2023-05-11 19:08:23,019 [WARN] PackLoader:240 - Cannot read IP mode file for STMicroelectronics.X-CUBE-ALGOBUILD.1.3.0
2023-05-11 19:08:23,083 [WARN] PackLoader:240 - Cannot read IP mode file for STMicroelectronics.X-CUBE-AZRTOS-L5.1.1.0
2023-05-11 19:08:23,146 [WARN] PackLoader:240 - Cannot read IP mode file for STMicroelectronics.X-CUBE-AZRTOS-G0.1.1.0
2023-05-11 19:08:23,198 [WARN] PackLoader:240 - Cannot read IP mode file for STMicroelectronics.X-CUBE-SUBG2.5.0.0
2023-05-11 19:08:23,236 [WARN] PackLoader:240 - Cannot read IP mode file for STMicroelectronics.X-CUBE-NFC4.3.0.0
2023-05-11 19:08:23,363 [WARN] PackLoader:240 - Cannot read IP mode file for SEGGER.I-CUBE-embOS.1.2.1
2023-05-11 19:08:23,460 [WARN] PackLoader:240 - Cannot read IP mode file for STMicroelectronics.FP-ATR-ASTRA1.1.1.1
2023-05-11 19:08:23,505 [WARN] PackLoader:240 - Cannot read IP mode file for STMicroelectronics.X-CUBE-BLEMGR.1.3.0
2023-05-11 19:08:23,570 [WARN] PackLoader:240 - Cannot read IP mode file for STMicroelectronics.X-CUBE-AZRTOS-G4.1.0.0
2023-05-11 19:08:23,610 [WARN] PackLoader:240 - Cannot read IP mode file for STMicroelectronics.FP-ATR-SIGFOX1.3.2.0
2023-05-11 19:08:23,712 [WARN] PackLoader:240 - Cannot read IP mode file for STMicroelectronics.X-CUBE-AZRTOS-L4.1.0.0
2023-05-11 19:08:23,782 [WARN] PackLoader:240 - Cannot read IP mode file for STMicroelectronics.X-CUBE-TOUCHGFX.4.20.0
2023-05-11 19:08:23,855 [WARN] PackLoader:240 - Cannot read IP mode file for STMicroelectronics.X-CUBE-AZRTOS-WL.1.0.0
2023-05-11 19:08:23,898 [WARN] PackLoader:240 - Cannot read IP mode file for portGmbH.I-Cube-SoM-uGOAL.1.1.0
2023-05-11 19:08:23,932 [WARN] PackLoader:240 - Cannot read IP mode file for STMicroelectronics.X-CUBE-ALS.1.0.1
2023-05-11 19:08:24,090 [WARN] PackLoader:240 - Cannot read IP mode file for STMicroelectronics.X-CUBE-MEMS1.9.5.0
2023-05-11 19:08:24,622 [WARN] PackLoader:240 - Cannot read IP mode file for STMicroelectronics.X-CUBE-AZRTOS-WB.1.1.0
2023-05-11 19:08:24,707 [WARN] PackLoader:240 - Cannot read IP mode file for SEGGER.I-CUBE-embOS.1.3.1
2023-05-11 19:08:24,859 [WARN] PackLoader:240 - Cannot read IP mode file for STMicroelectronics.X-CUBE-AZRTOS-L5.1.0.0
2023-05-11 19:08:24,888 [WARN] PackLoader:240 - Cannot read IP mode file for STMicroelectronics.X-CUBE-EEPRMA1.3.1.1
2023-05-11 19:08:24,891 [INFO] ThirdParty:978 - Integrity check success = true
2023-05-11 19:08:24,891 [INFO] IntegrityCheckThread:100 - exiting critical section [integrity check]
2023-05-11 19:08:24,891 [INFO] IntegrityCheckThread:103 - End integrity checks thread
2023-05-11 19:09:14,324 [ERROR] ServerAccessManage:1146 - Warning during Server Connection :  Unknown host sw-center.st.com
2023-05-11 19:09:14,325 [INFO] MainUpdater:2854 - connection check result : 22
2023-05-11 19:09:17,682 [INFO] ApiDb:581 - Connected to CubeFinder SQLite database (C:\Users\7osensi\.stmcufinder\plugins\mcufinder\mcu\cube-finder-db.db)
2023-05-11 19:09:17,774 [INFO] ApiDb:668 - CubeFinder database Data Model version=2.1
2023-05-11 19:09:17,774 [INFO] ApiDb:669 - CubeFinder database Configuration version=3.0.35
2023-05-11 19:09:17,775 [INFO] ApiDb:670 - CubeFinder database generation date=2023-02-02 (1675320190)
2023-05-11 19:09:17,775 [INFO] ApiDb:671 - CubeFinder database FW Pack versions=[FP-ATR-ASTRA1_V1.1.1, STM32Cube_FW_C0_V1.0.1, STM32Cube_FW_F4_V1.27.1, STM32Cube_FW_F7_V1.17.0, STM32Cube_FW_G0_V1.6.1, STM32Cube_FW_G4_V1.5.0, STM32Cube_FW_H5_V0.5.1, STM32Cube_FW_H7_V1.11.0, STM32Cube_FW_L5_V1.5.0, STM32Cube_FW_U5_V1.1.1, STM32Cube_FW_WBA_V0.2.0, STM32Cube_FW_WB_V1.15.0, STM32Cube_FW_WB_V1.15.0RC1, STM32Cube_FW_WL_V1.3.0, X-CUBE-ALGOBUILD_V1.3.0, X-CUBE-ALS_V1.0.1, X-CUBE-AZRTOS-F4_V1.1.0, X-CUBE-AZRTOS-F7_V1.1.0, X-CUBE-AZRTOS-G0_V1.1.0, X-CUBE-AZRTOS-G4_V1.0.0, X-CUBE-AZRTOS-H7_V3.0.0, X-CUBE-AZRTOS-L4_V1.0.0, X-CUBE-AZRTOS-L5_V1.1.0, X-CUBE-AZRTOS-WB_V1.1.0, X-CUBE-AZRTOS-WL_V1.0.0, X-CUBE-BLE1_V6.2.4, X-CUBE-BLE2_V3.3.0, X-CUBE-BLEMGR_V1.3.0, X-CUBE-EEPRMA1_V4.1.0, X-CUBE-GNSS1_V6.0.0, X-CUBE-MEMS1_V9.1.0, X-CUBE-MEMS1_V9.3.0, X-CUBE-MEMS1_V9.4.0, X-CUBE-NFC4_V3.0.0, X-CUBE-NFC7_V1.0.0, X-CUBE-SFXS2LP1_V4.0.0, X-CUBE-SUBG2_V5.0.0]
2023-05-11 19:09:17,949 [INFO] DbBoardsSqlite:226 - include board P-NUCLEO-WB55-NUCLEO as a kit item of type 'Nucleo-64'
2023-05-11 19:09:17,949 [INFO] DbBoardsSqlite:226 - include board P-NUCLEO-WB55-USBDONGLE as a kit item of type 'Nucleo USB Dongle'
2023-05-11 19:09:17,951 [INFO] DbBoardsSqlite:226 - include board STEVAL-IDP005V1 as a kit item of type 'Evaluation Board'
2023-05-11 19:09:17,951 [INFO] DbBoardsSqlite:226 - include board STEVAL-IDP005V2 as a kit item of type 'Evaluation Board'
2023-05-11 19:09:18,572 [INFO] ApiDb:240 - Found 297 in-development CPN: [B-G473E-ZEST1S, B-WB1M-WPAN1, B-WL5M-SUBG1, NUCLEO-C031C6, NUCLEO-H503RB, NUCLEO-H563ZI, NUCLEO-U545RE-Q, NUCLEO-U5A5ZJ-Q, NUCLEO-WBA52CG, STEVAL-PROTEUS1, STEVAL-STWINBX1, STM320518-EVAL, STM32C0116-DK, STM32C011D6Y3TR, STM32C011D6Y6TR, STM32C011F4P3, STM32C011F4P6, STM32C011F4U3, STM32C011F4U6TR, STM32C011F6P3, STM32C011F6P6, STM32C011F6U3, STM32C011F6U6TR, STM32C011J4M3, STM32C011J4M6, STM32C011J6M3, STM32C011J6M6, STM32C0316-DK, STM32C031C4T3, STM32C031C4T6, STM32C031C4U3, STM32C031C4U6, STM32C031C6T3, STM32C031C6T6, STM32C031C6U3, STM32C031C6U6, STM32C031F4P3, STM32C031F4P6, STM32C031F6P3, STM32C031F6P6, STM32C031G4U3, STM32C031G4U6, STM32C031G6U3, STM32C031G6U6, STM32C031K4T3, STM32C031K4T6, STM32C031K4U3, STM32C031K4U6, STM32C031K6T3, STM32C031K6T6, STM32C031K6U3, STM32C031K6U6, STM32G071K8TXN, STM32G071K8UXN, STM32G081GBU6N, STM32G081KBT6N, STM32G081KBUXN, STM32G0B1CCT6N, STM32G0B1KCT6, STM32G0B1NEY6TR, STM32G0B1RCT6N, STM32G0C1CCT6, STM32G0C1CCT6N, STM32G0C1CCU6N, STM32G0C1CET6N, STM32G0C1CEU6N, STM32G0C1KCT6, STM32G0C1NEY6TR, STM32G0C1RCI6N, STM32G0C1RCT6N, STM32G0C1REI6N, STM32G0C1RET6N, STM32G0C1VCI6, STM32G0C1VEI6, STM32G471CCT6, STM32G471CCU6, STM32G471CET3, STM32G471CET6, STM32G471CEU3, STM32G471CEU6, STM32G471MCT6, STM32G471MET3, STM32G471MET6, STM32G471MEY6TR, STM32G471QCT6, STM32G471QET3, STM32G471RCT6, STM32G471RET3, STM32G471RET6, STM32G471VCH6, STM32G471VCI6, STM32G471VCT6, STM32G471VEH3, STM32G471VEH6, STM32G471VEI3, STM32G471VEI6, STM32G471VET3, STM32G471VET6, STM32G474CCT6, STM32H503CBT6, STM32H503CBU6, STM32H503EBY6TR, STM32H503KBU6, STM32H503RBT6, STM32H562AGI6, STM32H562AII6, STM32H562IGK6, STM32H562IGT6, STM32H562IIK6, STM32H562IIT6, STM32H562RGT6, STM32H562RGV6, STM32H562RIT6, STM32H562RIV6, STM32H562VGT6, STM32H562VIT6, STM32H562ZGT6, STM32H562ZIT6, STM32H563AGI6, STM32H563AII3Q, STM32H563AII6, STM32H563IGK6, STM32H563IGT6, STM32H563IIK3Q, STM32H563IIK6, STM32H563IIT3Q, STM32H563IIT6, STM32H563MIY3QTR, STM32H563RGT6, STM32H563RGV6, STM32H563RIT6, STM32H563RIV6, STM32H563VGT6, STM32H563VIT3Q, STM32H563VIT6, STM32H563ZGT6, STM32H563ZIT3Q, STM32H563ZIT6, STM32H573AII3Q, STM32H573AII6, STM32H573I-DK, STM32H573IIK3Q, STM32H573IIK6, STM32H573IIT3Q, STM32H573IIT6, STM32H573MIY3QTR, STM32H573RIT6, STM32H573RIV6, STM32H573VIT3Q, STM32H573VIT6, STM32H573ZIT3Q, STM32H573ZIT6, STM32L4R5QGI6STR, STM32MP131AAE3, STM32MP131AAF3, STM32MP131AAG3, STM32MP131CAE3, STM32MP131CAF3, STM32MP131CAG3, STM32MP131DAE7, STM32MP131DAF7, STM32MP131DAG7, STM32MP131FAE7, STM32MP131FAF7, STM32MP131FAG7, STM32MP133AAE3, STM32MP133AAF3, STM32MP133AAG3, STM32MP133CAE3, STM32MP133CAF3, STM32MP133CAG3, STM32MP133DAE7, STM32MP133DAF7, STM32MP133DAG7, STM32MP133FAE7, STM32MP133FAF7, STM32MP133FAG7, STM32MP135AAE3, STM32MP135AAF3, STM32MP135AAG3, STM32MP135CAE3, STM32MP135CAF3, STM32MP135CAG3, STM32MP135DAE7, STM32MP135DAF7, STM32MP135DAG7, STM32MP135F-DK, STM32MP135FAE7, STM32MP135FAF7, STM32MP135FAF7T, STM32MP135FAF7U, STM32MP135FAG7, STM32U535CBT6, STM32U535CBT6Q, STM32U535CBU6, STM32U535CBU6Q, STM32U535CCT6, STM32U535CCT6Q, STM32U535CCU6, STM32U535CCU6Q, STM32U535CET6, STM32U535CET6Q, STM32U535CEU6, STM32U535CEU6Q, STM32U535JEY6QTR, STM32U535NCY6QTR, STM32U535NEY6QTR, STM32U535RBI6, STM32U535RBI6Q, STM32U535RBT6, STM32U535RBT6Q, STM32U535RCI6, STM32U535RCI6Q, STM32U535RCT6, STM32U535RCT6Q, STM32U535REI6, STM32U535REI6Q, STM32U535RET6, STM32U535RET6Q, STM32U535VCI6, STM32U535VCI6Q, STM32U535VCT6, STM32U535VCT6Q, STM32U535VEI6, STM32U535VEI6Q, STM32U535VET6, STM32U535VET6Q, STM32U545CET6, STM32U545CET6Q, STM32U545CEU6, STM32U545CEU6Q, STM32U545JEY6QTR, STM32U545NEY6QTR, STM32U545REI6, STM32U545REI6Q, STM32U545RET6, STM32U545RET6Q, STM32U545VEI6, STM32U545VEI6Q, STM32U545VET6, STM32U545VET6Q, STM32U595AIH6, STM32U595AIH6Q, STM32U595AJH6, STM32U595AJH6Q, STM32U595QII6, STM32U595QII6Q, STM32U595QJI6, STM32U595QJI6Q, STM32U595RIT6, STM32U595RIT6Q, STM32U595RJT6, STM32U595RJT6Q, STM32U595VIT6, STM32U595VIT6Q, STM32U595VJT6, STM32U595VJT6Q, STM32U595ZIT6, STM32U595ZIT6Q, STM32U595ZIY6QTR, STM32U595ZJT6, STM32U595ZJT6Q, STM32U595ZJY6QTR, STM32U599BJY6QTR, STM32U599NIH6Q, STM32U599NJH6Q, STM32U599VIT6Q, STM32U599VJT6, STM32U599VJT6Q, STM32U599ZIT6Q, STM32U599ZIY6QTR, STM32U599ZJT6Q, STM32U599ZJY6QTR, STM32U5A5AJH6, STM32U5A5AJH6Q, STM32U5A5QJI6, STM32U5A5QJI6Q, STM32U5A5RJT6, STM32U5A5RJT6Q, STM32U5A5VJT6, STM32U5A5VJT6Q, STM32U5A5ZJT6, STM32U5A5ZJT6Q, STM32U5A5ZJY6QTR, STM32U5A9BJY6QTR, STM32U5A9J-DK, STM32U5A9NJH6Q, STM32U5A9VJT6Q, STM32U5A9ZJT6Q, STM32U5A9ZJY6QTR, STM32WB1MMCH6, STM32WBA52CEU6, STM32WBA52CEU6T, STM32WBA52CGU6, STM32WBA52CGU6T, STM32WL5MOCH6, STM32WL5MOCH6TR]
2023-05-11 19:09:18,693 [INFO] BoardInfo:880 - No configuration file found for board P-NUCLEO-WB55
2023-05-11 19:09:18,694 [INFO] DbBoards:157 - Kit is not supported: P-NUCLEO-WB55
2023-05-11 19:09:18,698 [INFO] BoardInfo:880 - No configuration file found for board STEVAL-BFA001V1B
2023-05-11 19:09:18,698 [INFO] DbBoards:157 - Kit is not supported: STEVAL-BFA001V1B
2023-05-11 19:09:18,699 [INFO] BoardInfo:880 - No configuration file found for board STEVAL-BFA001V2B
2023-05-11 19:09:18,699 [INFO] DbBoards:157 - Kit is not supported: STEVAL-BFA001V2B
2023-05-11 19:09:18,814 [INFO] DbBoards:161 - Found 179 boards, 176 are supported
2023-05-11 19:09:18,818 [INFO] ApiDb:668 - CubeFinder database Data Model version=2.1
2023-05-11 19:09:18,818 [INFO] ApiDb:669 - CubeFinder database Configuration version=3.0.35
2023-05-11 19:09:18,818 [INFO] ApiDb:670 - CubeFinder database generation date=2023-02-02 (1675320190)
2023-05-11 19:09:18,818 [INFO] ApiDb:671 - CubeFinder database FW Pack versions=[FP-ATR-ASTRA1_V1.1.1, STM32Cube_FW_C0_V1.0.1, STM32Cube_FW_F4_V1.27.1, STM32Cube_FW_F7_V1.17.0, STM32Cube_FW_G0_V1.6.1, STM32Cube_FW_G4_V1.5.0, STM32Cube_FW_H5_V0.5.1, STM32Cube_FW_H7_V1.11.0, STM32Cube_FW_L5_V1.5.0, STM32Cube_FW_U5_V1.1.1, STM32Cube_FW_WBA_V0.2.0, STM32Cube_FW_WB_V1.15.0, STM32Cube_FW_WB_V1.15.0RC1, STM32Cube_FW_WL_V1.3.0, X-CUBE-ALGOBUILD_V1.3.0, X-CUBE-ALS_V1.0.1, X-CUBE-AZRTOS-F4_V1.1.0, X-CUBE-AZRTOS-F7_V1.1.0, X-CUBE-AZRTOS-G0_V1.1.0, X-CUBE-AZRTOS-G4_V1.0.0, X-CUBE-AZRTOS-H7_V3.0.0, X-CUBE-AZRTOS-L4_V1.0.0, X-CUBE-AZRTOS-L5_V1.1.0, X-CUBE-AZRTOS-WB_V1.1.0, X-CUBE-AZRTOS-WL_V1.0.0, X-CUBE-BLE1_V6.2.4, X-CUBE-BLE2_V3.3.0, X-CUBE-BLEMGR_V1.3.0, X-CUBE-EEPRMA1_V4.1.0, X-CUBE-GNSS1_V6.0.0, X-CUBE-MEMS1_V9.1.0, X-CUBE-MEMS1_V9.3.0, X-CUBE-MEMS1_V9.4.0, X-CUBE-NFC4_V3.0.0, X-CUBE-NFC7_V1.0.0, X-CUBE-SFXS2LP1_V4.0.0, X-CUBE-SUBG2_V5.0.0]
2023-05-11 19:09:20,673 [INFO] ApiDb:240 - Found 297 in-development CPN: [B-G473E-ZEST1S, B-WB1M-WPAN1, B-WL5M-SUBG1, NUCLEO-C031C6, NUCLEO-H503RB, NUCLEO-H563ZI, NUCLEO-U545RE-Q, NUCLEO-U5A5ZJ-Q, NUCLEO-WBA52CG, STEVAL-PROTEUS1, STEVAL-STWINBX1, STM320518-EVAL, STM32C0116-DK, STM32C011D6Y3TR, STM32C011D6Y6TR, STM32C011F4P3, STM32C011F4P6, STM32C011F4U3, STM32C011F4U6TR, STM32C011F6P3, STM32C011F6P6, STM32C011F6U3, STM32C011F6U6TR, STM32C011J4M3, STM32C011J4M6, STM32C011J6M3, STM32C011J6M6, STM32C0316-DK, STM32C031C4T3, STM32C031C4T6, STM32C031C4U3, STM32C031C4U6, STM32C031C6T3, STM32C031C6T6, STM32C031C6U3, STM32C031C6U6, STM32C031F4P3, STM32C031F4P6, STM32C031F6P3, STM32C031F6P6, STM32C031G4U3, STM32C031G4U6, STM32C031G6U3, STM32C031G6U6, STM32C031K4T3, STM32C031K4T6, STM32C031K4U3, STM32C031K4U6, STM32C031K6T3, STM32C031K6T6, STM32C031K6U3, STM32C031K6U6, STM32G071K8TXN, STM32G071K8UXN, STM32G081GBU6N, STM32G081KBT6N, STM32G081KBUXN, STM32G0B1CCT6N, STM32G0B1KCT6, STM32G0B1NEY6TR, STM32G0B1RCT6N, STM32G0C1CCT6, STM32G0C1CCT6N, STM32G0C1CCU6N, STM32G0C1CET6N, STM32G0C1CEU6N, STM32G0C1KCT6, STM32G0C1NEY6TR, STM32G0C1RCI6N, STM32G0C1RCT6N, STM32G0C1REI6N, STM32G0C1RET6N, STM32G0C1VCI6, STM32G0C1VEI6, STM32G471CCT6, STM32G471CCU6, STM32G471CET3, STM32G471CET6, STM32G471CEU3, STM32G471CEU6, STM32G471MCT6, STM32G471MET3, STM32G471MET6, STM32G471MEY6TR, STM32G471QCT6, STM32G471QET3, STM32G471RCT6, STM32G471RET3, STM32G471RET6, STM32G471VCH6, STM32G471VCI6, STM32G471VCT6, STM32G471VEH3, STM32G471VEH6, STM32G471VEI3, STM32G471VEI6, STM32G471VET3, STM32G471VET6, STM32G474CCT6, STM32H503CBT6, STM32H503CBU6, STM32H503EBY6TR, STM32H503KBU6, STM32H503RBT6, STM32H562AGI6, STM32H562AII6, STM32H562IGK6, STM32H562IGT6, STM32H562IIK6, STM32H562IIT6, STM32H562RGT6, STM32H562RGV6, STM32H562RIT6, STM32H562RIV6, STM32H562VGT6, STM32H562VIT6, STM32H562ZGT6, STM32H562ZIT6, STM32H563AGI6, STM32H563AII3Q, STM32H563AII6, STM32H563IGK6, STM32H563IGT6, STM32H563IIK3Q, STM32H563IIK6, STM32H563IIT3Q, STM32H563IIT6, STM32H563MIY3QTR, STM32H563RGT6, STM32H563RGV6, STM32H563RIT6, STM32H563RIV6, STM32H563VGT6, STM32H563VIT3Q, STM32H563VIT6, STM32H563ZGT6, STM32H563ZIT3Q, STM32H563ZIT6, STM32H573AII3Q, STM32H573AII6, STM32H573I-DK, STM32H573IIK3Q, STM32H573IIK6, STM32H573IIT3Q, STM32H573IIT6, STM32H573MIY3QTR, STM32H573RIT6, STM32H573RIV6, STM32H573VIT3Q, STM32H573VIT6, STM32H573ZIT3Q, STM32H573ZIT6, STM32L4R5QGI6STR, STM32MP131AAE3, STM32MP131AAF3, STM32MP131AAG3, STM32MP131CAE3, STM32MP131CAF3, STM32MP131CAG3, STM32MP131DAE7, STM32MP131DAF7, STM32MP131DAG7, STM32MP131FAE7, STM32MP131FAF7, STM32MP131FAG7, STM32MP133AAE3, STM32MP133AAF3, STM32MP133AAG3, STM32MP133CAE3, STM32MP133CAF3, STM32MP133CAG3, STM32MP133DAE7, STM32MP133DAF7, STM32MP133DAG7, STM32MP133FAE7, STM32MP133FAF7, STM32MP133FAG7, STM32MP135AAE3, STM32MP135AAF3, STM32MP135AAG3, STM32MP135CAE3, STM32MP135CAF3, STM32MP135CAG3, STM32MP135DAE7, STM32MP135DAF7, STM32MP135DAG7, STM32MP135F-DK, STM32MP135FAE7, STM32MP135FAF7, STM32MP135FAF7T, STM32MP135FAF7U, STM32MP135FAG7, STM32U535CBT6, STM32U535CBT6Q, STM32U535CBU6, STM32U535CBU6Q, STM32U535CCT6, STM32U535CCT6Q, STM32U535CCU6, STM32U535CCU6Q, STM32U535CET6, STM32U535CET6Q, STM32U535CEU6, STM32U535CEU6Q, STM32U535JEY6QTR, STM32U535NCY6QTR, STM32U535NEY6QTR, STM32U535RBI6, STM32U535RBI6Q, STM32U535RBT6, STM32U535RBT6Q, STM32U535RCI6, STM32U535RCI6Q, STM32U535RCT6, STM32U535RCT6Q, STM32U535REI6, STM32U535REI6Q, STM32U535RET6, STM32U535RET6Q, STM32U535VCI6, STM32U535VCI6Q, STM32U535VCT6, STM32U535VCT6Q, STM32U535VEI6, STM32U535VEI6Q, STM32U535VET6, STM32U535VET6Q, STM32U545CET6, STM32U545CET6Q, STM32U545CEU6, STM32U545CEU6Q, STM32U545JEY6QTR, STM32U545NEY6QTR, STM32U545REI6, STM32U545REI6Q, STM32U545RET6, STM32U545RET6Q, STM32U545VEI6, STM32U545VEI6Q, STM32U545VET6, STM32U545VET6Q, STM32U595AIH6, STM32U595AIH6Q, STM32U595AJH6, STM32U595AJH6Q, STM32U595QII6, STM32U595QII6Q, STM32U595QJI6, STM32U595QJI6Q, STM32U595RIT6, STM32U595RIT6Q, STM32U595RJT6, STM32U595RJT6Q, STM32U595VIT6, STM32U595VIT6Q, STM32U595VJT6, STM32U595VJT6Q, STM32U595ZIT6, STM32U595ZIT6Q, STM32U595ZIY6QTR, STM32U595ZJT6, STM32U595ZJT6Q, STM32U595ZJY6QTR, STM32U599BJY6QTR, STM32U599NIH6Q, STM32U599NJH6Q, STM32U599VIT6Q, STM32U599VJT6, STM32U599VJT6Q, STM32U599ZIT6Q, STM32U599ZIY6QTR, STM32U599ZJT6Q, STM32U599ZJY6QTR, STM32U5A5AJH6, STM32U5A5AJH6Q, STM32U5A5QJI6, STM32U5A5QJI6Q, STM32U5A5RJT6, STM32U5A5RJT6Q, STM32U5A5VJT6, STM32U5A5VJT6Q, STM32U5A5ZJT6, STM32U5A5ZJT6Q, STM32U5A5ZJY6QTR, STM32U5A9BJY6QTR, STM32U5A9J-DK, STM32U5A9NJH6Q, STM32U5A9VJT6Q, STM32U5A9ZJT6Q, STM32U5A9ZJY6QTR, STM32WB1MMCH6, STM32WBA52CEU6, STM32WBA52CEU6T, STM32WBA52CGU6, STM32WBA52CGU6T, STM32WL5MOCH6, STM32WL5MOCH6TR]
2023-05-11 19:09:20,678 [INFO] DbMcus:216 - Found 3582 MCUs, 3582 are supported
2023-05-11 19:09:20,685 [INFO] ApiDb:423 - Load user favorites file C:\Users\7osensi/.stm32cubeide/favorites.mcus.txt: 3 item(s)
2023-05-11 19:09:20,685 [INFO] ApiDb:427 - User favorites MCUs=[STM32F103C8T6, STM32F401CDU6, STM32F401VET6TR]
2023-05-11 19:09:20,685 [INFO] DbMcus:222 - Set 3 / 3 favorites MCUs
2023-05-11 19:09:20,914 [INFO] ApiDb:423 - Load user favorites file C:\Users\7osensi/.stm32cubeide/favorites.boards.txt: 0 item(s)
2023-05-11 19:09:20,915 [INFO] ApiDb:427 - User favorites Boards=[]
2023-05-11 19:09:20,915 [INFO] DbBoards:190 - Set 0 / 0 favorites Boards
2023-05-11 19:09:20,980 [INFO] DbBoards:622 - Product has been successfully injected: RPN=NUCLEO-U545RE-Q, CPN=NUCLEO-U545RE-Q
2023-05-11 19:09:21,005 [INFO] DbBoards:622 - Product has been successfully injected: RPN=NUCLEO-H503RB, CPN=NUCLEO-H503RB
2023-05-11 19:09:21,031 [INFO] DbBoards:622 - Product has been successfully injected: RPN=NUCLEO-WBA52CG, CPN=NUCLEO-WBA52CG
2023-05-11 19:09:21,057 [INFO] DbBoards:622 - Product has been successfully injected: RPN=NUCLEO-H563ZI, CPN=NUCLEO-H563ZI
2023-05-11 19:09:21,194 [INFO] DbBoards:622 - Product has been successfully injected: RPN=STM32U5A9J-DK, CPN=STM32U5A9J-DK
2023-05-11 19:09:21,220 [INFO] DbBoards:622 - Product has been successfully injected: RPN=STM32H573I-DK, CPN=STM32H573I-DK
2023-05-11 19:09:21,259 [INFO] DbBoards:622 - Product has been successfully injected: RPN=B-G473E-ZEST1S, CPN=B-G473E-ZEST1S
2023-05-11 19:09:21,297 [INFO] DbBoards:622 - Product has been successfully injected: RPN=NUCLEO-U5A5ZJ-Q, CPN=NUCLEO-U5A5ZJ-Q
2023-05-11 19:09:21,298 [INFO] ApiDb:448 - Save user favorites file C:\Users\7osensi/.stm32cubeide/favorites.boards.txt: 0 item(s)
2023-05-11 19:09:21,298 [INFO] ApiDb:452 - User favorites Boards=[]
2023-05-11 19:09:21,300 [INFO] ApiDb:581 - Connected to CubeFinder SQLite database (C:\Users\7osensi\.stmcufinder\plugins\mcufinder\mcu\cube-finder-db.db)
2023-05-11 19:09:21,347 [INFO] ApiDb:668 - CubeFinder database Data Model version=2.1
2023-05-11 19:09:21,347 [INFO] ApiDb:669 - CubeFinder database Configuration version=3.0.35
2023-05-11 19:09:21,347 [INFO] ApiDb:670 - CubeFinder database generation date=2023-02-02 (1675320190)
2023-05-11 19:09:21,347 [INFO] ApiDb:671 - CubeFinder database FW Pack versions=[FP-ATR-ASTRA1_V1.1.1, STM32Cube_FW_C0_V1.0.1, STM32Cube_FW_F4_V1.27.1, STM32Cube_FW_F7_V1.17.0, STM32Cube_FW_G0_V1.6.1, STM32Cube_FW_G4_V1.5.0, STM32Cube_FW_H5_V0.5.1, STM32Cube_FW_H7_V1.11.0, STM32Cube_FW_L5_V1.5.0, STM32Cube_FW_U5_V1.1.1, STM32Cube_FW_WBA_V0.2.0, STM32Cube_FW_WB_V1.15.0, STM32Cube_FW_WB_V1.15.0RC1, STM32Cube_FW_WL_V1.3.0, X-CUBE-ALGOBUILD_V1.3.0, X-CUBE-ALS_V1.0.1, X-CUBE-AZRTOS-F4_V1.1.0, X-CUBE-AZRTOS-F7_V1.1.0, X-CUBE-AZRTOS-G0_V1.1.0, X-CUBE-AZRTOS-G4_V1.0.0, X-CUBE-AZRTOS-H7_V3.0.0, X-CUBE-AZRTOS-L4_V1.0.0, X-CUBE-AZRTOS-L5_V1.1.0, X-CUBE-AZRTOS-WB_V1.1.0, X-CUBE-AZRTOS-WL_V1.0.0, X-CUBE-BLE1_V6.2.4, X-CUBE-BLE2_V3.3.0, X-CUBE-BLEMGR_V1.3.0, X-CUBE-EEPRMA1_V4.1.0, X-CUBE-GNSS1_V6.0.0, X-CUBE-MEMS1_V9.1.0, X-CUBE-MEMS1_V9.3.0, X-CUBE-MEMS1_V9.4.0, X-CUBE-NFC4_V3.0.0, X-CUBE-NFC7_V1.0.0, X-CUBE-SFXS2LP1_V4.0.0, X-CUBE-SUBG2_V5.0.0]
2023-05-11 19:09:21,392 [INFO] DbBoardsSqlite:226 - include board P-NUCLEO-WB55-NUCLEO as a kit item of type 'Nucleo-64'
2023-05-11 19:09:21,393 [INFO] DbBoardsSqlite:226 - include board P-NUCLEO-WB55-USBDONGLE as a kit item of type 'Nucleo USB Dongle'
2023-05-11 19:09:21,393 [INFO] DbBoardsSqlite:226 - include board STEVAL-IDP005V1 as a kit item of type 'Evaluation Board'
2023-05-11 19:09:21,393 [INFO] DbBoardsSqlite:226 - include board STEVAL-IDP005V2 as a kit item of type 'Evaluation Board'
2023-05-11 19:09:21,443 [INFO] ApiDb:240 - Found 297 in-development CPN: [B-G473E-ZEST1S, B-WB1M-WPAN1, B-WL5M-SUBG1, NUCLEO-C031C6, NUCLEO-H503RB, NUCLEO-H563ZI, NUCLEO-U545RE-Q, NUCLEO-U5A5ZJ-Q, NUCLEO-WBA52CG, STEVAL-PROTEUS1, STEVAL-STWINBX1, STM320518-EVAL, STM32C0116-DK, STM32C011D6Y3TR, STM32C011D6Y6TR, STM32C011F4P3, STM32C011F4P6, STM32C011F4U3, STM32C011F4U6TR, STM32C011F6P3, STM32C011F6P6, STM32C011F6U3, STM32C011F6U6TR, STM32C011J4M3, STM32C011J4M6, STM32C011J6M3, STM32C011J6M6, STM32C0316-DK, STM32C031C4T3, STM32C031C4T6, STM32C031C4U3, STM32C031C4U6, STM32C031C6T3, STM32C031C6T6, STM32C031C6U3, STM32C031C6U6, STM32C031F4P3, STM32C031F4P6, STM32C031F6P3, STM32C031F6P6, STM32C031G4U3, STM32C031G4U6, STM32C031G6U3, STM32C031G6U6, STM32C031K4T3, STM32C031K4T6, STM32C031K4U3, STM32C031K4U6, STM32C031K6T3, STM32C031K6T6, STM32C031K6U3, STM32C031K6U6, STM32G071K8TXN, STM32G071K8UXN, STM32G081GBU6N, STM32G081KBT6N, STM32G081KBUXN, STM32G0B1CCT6N, STM32G0B1KCT6, STM32G0B1NEY6TR, STM32G0B1RCT6N, STM32G0C1CCT6, STM32G0C1CCT6N, STM32G0C1CCU6N, STM32G0C1CET6N, STM32G0C1CEU6N, STM32G0C1KCT6, STM32G0C1NEY6TR, STM32G0C1RCI6N, STM32G0C1RCT6N, STM32G0C1REI6N, STM32G0C1RET6N, STM32G0C1VCI6, STM32G0C1VEI6, STM32G471CCT6, STM32G471CCU6, STM32G471CET3, STM32G471CET6, STM32G471CEU3, STM32G471CEU6, STM32G471MCT6, STM32G471MET3, STM32G471MET6, STM32G471MEY6TR, STM32G471QCT6, STM32G471QET3, STM32G471RCT6, STM32G471RET3, STM32G471RET6, STM32G471VCH6, STM32G471VCI6, STM32G471VCT6, STM32G471VEH3, STM32G471VEH6, STM32G471VEI3, STM32G471VEI6, STM32G471VET3, STM32G471VET6, STM32G474CCT6, STM32H503CBT6, STM32H503CBU6, STM32H503EBY6TR, STM32H503KBU6, STM32H503RBT6, STM32H562AGI6, STM32H562AII6, STM32H562IGK6, STM32H562IGT6, STM32H562IIK6, STM32H562IIT6, STM32H562RGT6, STM32H562RGV6, STM32H562RIT6, STM32H562RIV6, STM32H562VGT6, STM32H562VIT6, STM32H562ZGT6, STM32H562ZIT6, STM32H563AGI6, STM32H563AII3Q, STM32H563AII6, STM32H563IGK6, STM32H563IGT6, STM32H563IIK3Q, STM32H563IIK6, STM32H563IIT3Q, STM32H563IIT6, STM32H563MIY3QTR, STM32H563RGT6, STM32H563RGV6, STM32H563RIT6, STM32H563RIV6, STM32H563VGT6, STM32H563VIT3Q, STM32H563VIT6, STM32H563ZGT6, STM32H563ZIT3Q, STM32H563ZIT6, STM32H573AII3Q, STM32H573AII6, STM32H573I-DK, STM32H573IIK3Q, STM32H573IIK6, STM32H573IIT3Q, STM32H573IIT6, STM32H573MIY3QTR, STM32H573RIT6, STM32H573RIV6, STM32H573VIT3Q, STM32H573VIT6, STM32H573ZIT3Q, STM32H573ZIT6, STM32L4R5QGI6STR, STM32MP131AAE3, STM32MP131AAF3, STM32MP131AAG3, STM32MP131CAE3, STM32MP131CAF3, STM32MP131CAG3, STM32MP131DAE7, STM32MP131DAF7, STM32MP131DAG7, STM32MP131FAE7, STM32MP131FAF7, STM32MP131FAG7, STM32MP133AAE3, STM32MP133AAF3, STM32MP133AAG3, STM32MP133CAE3, STM32MP133CAF3, STM32MP133CAG3, STM32MP133DAE7, STM32MP133DAF7, STM32MP133DAG7, STM32MP133FAE7, STM32MP133FAF7, STM32MP133FAG7, STM32MP135AAE3, STM32MP135AAF3, STM32MP135AAG3, STM32MP135CAE3, STM32MP135CAF3, STM32MP135CAG3, STM32MP135DAE7, STM32MP135DAF7, STM32MP135DAG7, STM32MP135F-DK, STM32MP135FAE7, STM32MP135FAF7, STM32MP135FAF7T, STM32MP135FAF7U, STM32MP135FAG7, STM32U535CBT6, STM32U535CBT6Q, STM32U535CBU6, STM32U535CBU6Q, STM32U535CCT6, STM32U535CCT6Q, STM32U535CCU6, STM32U535CCU6Q, STM32U535CET6, STM32U535CET6Q, STM32U535CEU6, STM32U535CEU6Q, STM32U535JEY6QTR, STM32U535NCY6QTR, STM32U535NEY6QTR, STM32U535RBI6, STM32U535RBI6Q, STM32U535RBT6, STM32U535RBT6Q, STM32U535RCI6, STM32U535RCI6Q, STM32U535RCT6, STM32U535RCT6Q, STM32U535REI6, STM32U535REI6Q, STM32U535RET6, STM32U535RET6Q, STM32U535VCI6, STM32U535VCI6Q, STM32U535VCT6, STM32U535VCT6Q, STM32U535VEI6, STM32U535VEI6Q, STM32U535VET6, STM32U535VET6Q, STM32U545CET6, STM32U545CET6Q, STM32U545CEU6, STM32U545CEU6Q, STM32U545JEY6QTR, STM32U545NEY6QTR, STM32U545REI6, STM32U545REI6Q, STM32U545RET6, STM32U545RET6Q, STM32U545VEI6, STM32U545VEI6Q, STM32U545VET6, STM32U545VET6Q, STM32U595AIH6, STM32U595AIH6Q, STM32U595AJH6, STM32U595AJH6Q, STM32U595QII6, STM32U595QII6Q, STM32U595QJI6, STM32U595QJI6Q, STM32U595RIT6, STM32U595RIT6Q, STM32U595RJT6, STM32U595RJT6Q, STM32U595VIT6, STM32U595VIT6Q, STM32U595VJT6, STM32U595VJT6Q, STM32U595ZIT6, STM32U595ZIT6Q, STM32U595ZIY6QTR, STM32U595ZJT6, STM32U595ZJT6Q, STM32U595ZJY6QTR, STM32U599BJY6QTR, STM32U599NIH6Q, STM32U599NJH6Q, STM32U599VIT6Q, STM32U599VJT6, STM32U599VJT6Q, STM32U599ZIT6Q, STM32U599ZIY6QTR, STM32U599ZJT6Q, STM32U599ZJY6QTR, STM32U5A5AJH6, STM32U5A5AJH6Q, STM32U5A5QJI6, STM32U5A5QJI6Q, STM32U5A5RJT6, STM32U5A5RJT6Q, STM32U5A5VJT6, STM32U5A5VJT6Q, STM32U5A5ZJT6, STM32U5A5ZJT6Q, STM32U5A5ZJY6QTR, STM32U5A9BJY6QTR, STM32U5A9J-DK, STM32U5A9NJH6Q, STM32U5A9VJT6Q, STM32U5A9ZJT6Q, STM32U5A9ZJY6QTR, STM32WB1MMCH6, STM32WBA52CEU6, STM32WBA52CEU6T, STM32WBA52CGU6, STM32WBA52CGU6T, STM32WL5MOCH6, STM32WL5MOCH6TR]
2023-05-11 19:09:21,444 [INFO] BoardInfo:880 - No configuration file found for board B-G473E-ZEST1S
2023-05-11 19:09:21,445 [INFO] DbBoards:157 - Board is not supported: B-G473E-ZEST1S
2023-05-11 19:09:21,504 [INFO] BoardInfo:880 - No configuration file found for board NUCLEO-H503RB
2023-05-11 19:09:21,504 [INFO] DbBoards:157 - Board is not supported: NUCLEO-H503RB
2023-05-11 19:09:21,505 [INFO] BoardInfo:880 - No configuration file found for board NUCLEO-H563ZI
2023-05-11 19:09:21,505 [INFO] DbBoards:157 - Board is not supported: NUCLEO-H563ZI
2023-05-11 19:09:21,535 [INFO] BoardInfo:880 - No configuration file found for board NUCLEO-U545RE-Q
2023-05-11 19:09:21,535 [INFO] DbBoards:157 - Board is not supported: NUCLEO-U545RE-Q
2023-05-11 19:09:21,538 [INFO] BoardInfo:880 - No configuration file found for board NUCLEO-U5A5ZJ-Q
2023-05-11 19:09:21,538 [INFO] DbBoards:157 - Board is not supported: NUCLEO-U5A5ZJ-Q
2023-05-11 19:09:21,541 [INFO] BoardInfo:880 - No configuration file found for board NUCLEO-WBA52CG
2023-05-11 19:09:21,541 [INFO] DbBoards:157 - Board is not supported: NUCLEO-WBA52CG
2023-05-11 19:09:21,547 [INFO] BoardInfo:880 - No configuration file found for board P-NUCLEO-WB55
2023-05-11 19:09:21,547 [INFO] DbBoards:157 - Kit is not supported: P-NUCLEO-WB55
2023-05-11 19:09:21,551 [INFO] BoardInfo:880 - No configuration file found for board STEVAL-BFA001V1B
2023-05-11 19:09:21,551 [INFO] DbBoards:157 - Kit is not supported: STEVAL-BFA001V1B
2023-05-11 19:09:21,553 [INFO] BoardInfo:880 - No configuration file found for board STEVAL-BFA001V2B
2023-05-11 19:09:21,553 [INFO] DbBoards:157 - Kit is not supported: STEVAL-BFA001V2B
2023-05-11 19:09:21,629 [INFO] BoardInfo:880 - No configuration file found for board STM32H573I-DK
2023-05-11 19:09:21,633 [INFO] DbBoards:157 - Board is not supported: STM32H573I-DK
2023-05-11 19:09:21,681 [INFO] BoardInfo:880 - No configuration file found for board STM32U5A9J-DK
2023-05-11 19:09:21,681 [INFO] DbBoards:157 - Board is not supported: STM32U5A9J-DK
2023-05-11 19:09:21,683 [INFO] DbBoards:161 - Found 187 boards, 176 are supported
2023-05-11 19:09:21,688 [INFO] ApiDb:423 - Load user favorites file C:\Users\7osensi/.stm32cubeide/favorites.boards.txt: 0 item(s)
2023-05-11 19:09:21,689 [INFO] ApiDb:427 - User favorites Boards=[]
2023-05-11 19:09:21,689 [INFO] DbBoards:190 - Set 0 / 0 favorites Boards
2023-05-11 19:09:21,714 [INFO] McuFinderGlobals:66 - Set McuFinderConnectedMode to false
2023-05-11 19:09:21,722 [INFO] MultiScanPanel:200 - Auto-refresh data requested => check proxy status ongoing
2023-05-11 19:09:21,722 [INFO] MultiScanPanel:204 - Proxy status is invalid
2023-05-11 19:09:21,725 [INFO] FinderPluginLoader:95 - Searching for filters in installed packs
2023-05-11 19:09:23,460 [INFO] DetailPanel:341 - Set advertising image to C:/Users/7osensi/STM32Cube/Repository/\en.prom-stm32u5-0223.jpg
2023-05-11 19:17:15,434 [INFO] McuAction:76 - Docs & Resources
2023-05-11 19:17:26,742 [INFO] GuiUtils:266 - Cannot open the file :C:/Users/7osensi/STM32Cube/Repository/\/DS5319.pdf using Desktop.
2023-05-11 19:17:26,783 [INFO] McuAction:140 - Datasheet
2023-05-11 19:37:34,391 [INFO] McuAction:196 - https://www.st.com/content/ccc/fragment/product_related/rpn_information/product_circuit_diagram/f4/56/2e/95/3b/80/43/12/bd_stm32f102x8_64k.jpg/files/bd_stm32f102x8_64k.jpg/jcr:content/translations/en.bd_stm32f102x8_64k.jpg
2023-05-11 19:37:34,392 [INFO] McuDetailPanel:490 - Internet connection configuration mode: 2
2023-05-11 19:37:34,407 [WARN] McuDetailPanel:498 - Internet connection is required for CAD resources feature
2023-05-11 19:37:34,407 [INFO] McuAction:200 - CAD Resources
2023-05-11 19:37:35,533 [INFO] GuiUtils:266 - Cannot open the file :C:/Users/7osensi/STM32Cube/Repository/\/DS5319.pdf using Desktop.
2023-05-11 19:37:35,555 [INFO] McuAction:140 - Datasheet
2023-05-11 19:38:14,754 [INFO] McuAction:76 - Docs & Resources
2023-05-11 19:38:45,316 [INFO] GuiUtils:266 - Cannot open the file :C:/Users/7osensi/STM32Cube/Repository/\/RM0008.pdf using Desktop.
2023-05-11 19:39:20,430 [INFO] GuiUtils:266 - Cannot open the file :C:/Users/7osensi/STM32Cube/Repository/\/PM0056.pdf using Desktop.
2023-05-11 19:39:26,165 [INFO] GuiUtils:266 - Cannot open the file :C:/Users/7osensi/STM32Cube/Repository/\/PM0075.pdf using Desktop.
2023-05-11 23:38:32,256 [INFO] McuFinderGlobals:66 - Set McuFinderConnectedMode to true
2023-05-11 23:38:32,260 [INFO] ApiDb:448 - Save user favorites file C:\Users\7osensi/.stm32cubeide/favorites.mcus.txt: 3 item(s)
2023-05-11 23:38:32,261 [INFO] ApiDb:452 - User favorites MCUs=[STM32F103C8T6, STM32F401CDU6, STM32F401VET6TR]
